<?xml version="1.0" encoding="UTF-8"?>
<testsuite xmlns:xsi="http://www.w3.org/2001/XMLSchema-instance" xsi:noNamespaceSchemaLocation="https://maven.apache.org/surefire/maven-surefire-plugin/xsd/surefire-test-report-3.0.xsd" version="3.0" name="test.AppTest" time="0.046" tests="7" errors="0" skipped="0" failures="0">
  <properties>
    <property name="java.specification.version" value="25"/>
    <property name="sun.jnu.encoding" value="UTF-8"/>
    <property name="java.class.path" value="/Users/jorm/Documents/ECS160_HW1/target/test-classes:/Users/jorm/Documents/ECS160_HW1/target/classes:/Users/jorm/.m2/repository/com/google/code/gson/gson/2.11.0/gson-2.11.0.jar:/Users/jorm/.m2/repository/com/google/errorprone/error_prone_annotations/2.27.0/error_prone_annotations-2.27.0.jar:/Users/jorm/.m2/repository/redis/clients/jedis/4.3.1/jedis-4.3.1.jar:/Users/jorm/.m2/repository/org/slf4j/slf4j-api/1.7.36/slf4j-api-1.7.36.jar:/Users/jorm/.m2/repository/org/apache/commons/commons-pool2/2.11.1/commons-pool2-2.11.1.jar:/Users/jorm/.m2/repository/org/json/json/20220320/json-20220320.jar:/Users/jorm/.m2/repository/junit/junit/4.13.2/junit-4.13.2.jar:/Users/jorm/.m2/repository/org/hamcrest/hamcrest-core/1.3/hamcrest-core-1.3.jar:/Users/jorm/.m2/repository/org/apache/httpcomponents/httpclient/4.5.14/httpclient-4.5.14.jar:/Users/jorm/.m2/repository/org/apache/httpcomponents/httpcore/4.4.16/httpcore-4.4.16.jar:/Users/jorm/.m2/repository/commons-logging/commons-logging/1.2/commons-logging-1.2.jar:/Users/jorm/.m2/repository/commons-codec/commons-codec/1.11/commons-codec-1.11.jar:"/>
    <property name="java.vm.vendor" value="Homebrew"/>
    <property name="sun.arch.data.model" value="64"/>
    <property name="java.vendor.url" value="https://github.com/Homebrew/homebrew-core/issues"/>
    <property name="os.name" value="Mac OS X"/>
    <property name="java.vm.specification.version" value="25"/>
    <property name="sun.java.launcher" value="SUN_STANDARD"/>
    <property name="user.country" value="US"/>
    <property name="sun.boot.library.path" value="/opt/homebrew/Cellar/openjdk/25/libexec/openjdk.jdk/Contents/Home/lib"/>
    <property name="sun.java.command" value="/Users/jorm/Documents/ECS160_HW1/target/surefire/surefirebooter-20251021122855539_3.jar /Users/jorm/Documents/ECS160_HW1/target/surefire 2025-10-21T12-28-55_086-jvmRun1 surefire-20251021122855539_1tmp surefire_0-20251021122855539_2tmp"/>
    <property name="http.nonProxyHosts" value="local|*.local|169.254/16|*.169.254/16"/>
    <property name="jdk.debug" value="release"/>
    <property name="surefire.test.class.path" value="/Users/jorm/Documents/ECS160_HW1/target/test-classes:/Users/jorm/Documents/ECS160_HW1/target/classes:/Users/jorm/.m2/repository/com/google/code/gson/gson/2.11.0/gson-2.11.0.jar:/Users/jorm/.m2/repository/com/google/errorprone/error_prone_annotations/2.27.0/error_prone_annotations-2.27.0.jar:/Users/jorm/.m2/repository/redis/clients/jedis/4.3.1/jedis-4.3.1.jar:/Users/jorm/.m2/repository/org/slf4j/slf4j-api/1.7.36/slf4j-api-1.7.36.jar:/Users/jorm/.m2/repository/org/apache/commons/commons-pool2/2.11.1/commons-pool2-2.11.1.jar:/Users/jorm/.m2/repository/org/json/json/20220320/json-20220320.jar:/Users/jorm/.m2/repository/junit/junit/4.13.2/junit-4.13.2.jar:/Users/jorm/.m2/repository/org/hamcrest/hamcrest-core/1.3/hamcrest-core-1.3.jar:/Users/jorm/.m2/repository/org/apache/httpcomponents/httpclient/4.5.14/httpclient-4.5.14.jar:/Users/jorm/.m2/repository/org/apache/httpcomponents/httpcore/4.4.16/httpcore-4.4.16.jar:/Users/jorm/.m2/repository/commons-logging/commons-logging/1.2/commons-logging-1.2.jar:/Users/jorm/.m2/repository/commons-codec/commons-codec/1.11/commons-codec-1.11.jar:"/>
    <property name="sun.cpu.endian" value="little"/>
    <property name="user.home" value="/Users/jorm"/>
    <property name="user.language" value="en"/>
    <property name="java.specification.vendor" value="Oracle Corporation"/>
    <property name="java.version.date" value="2025-09-16"/>
    <property name="java.home" value="/opt/homebrew/Cellar/openjdk/25/libexec/openjdk.jdk/Contents/Home"/>
    <property name="file.separator" value="/"/>
    <property name="basedir" value="/Users/jorm/Documents/ECS160_HW1"/>
    <property name="java.vm.compressedOopsMode" value="Zero based"/>
    <property name="line.separator" value="&#10;"/>
    <property name="java.vm.specification.vendor" value="Oracle Corporation"/>
    <property name="java.specification.name" value="Java Platform API Specification"/>
    <property name="apple.awt.application.name" value="ForkedBooter"/>
    <property name="surefire.real.class.path" value="/Users/jorm/Documents/ECS160_HW1/target/surefire/surefirebooter-20251021122855539_3.jar"/>
    <property name="sun.management.compiler" value="HotSpot 64-Bit Tiered Compilers"/>
    <property name="ftp.nonProxyHosts" value="local|*.local|169.254/16|*.169.254/16"/>
    <property name="java.runtime.version" value="25"/>
    <property name="user.name" value="jorm"/>
    <property name="stdout.encoding" value="UTF-8"/>
    <property name="path.separator" value=":"/>
    <property name="os.version" value="15.6.1"/>
    <property name="java.runtime.name" value="OpenJDK Runtime Environment"/>
    <property name="file.encoding" value="UTF-8"/>
    <property name="java.vm.name" value="OpenJDK 64-Bit Server VM"/>
    <property name="java.vendor.version" value="Homebrew"/>
    <property name="localRepository" value="/Users/jorm/.m2/repository"/>
    <property name="java.vendor.url.bug" value="https://github.com/Homebrew/homebrew-core/issues"/>
    <property name="java.io.tmpdir" value="/var/folders/s1/0bp9bl011bd2vgb9xlkyx0_h0000gn/T/"/>
    <property name="java.version" value="25"/>
    <property name="user.dir" value="/Users/jorm/Documents/ECS160_HW1"/>
    <property name="os.arch" value="aarch64"/>
    <property name="java.vm.specification.name" value="Java Virtual Machine Specification"/>
    <property name="native.encoding" value="UTF-8"/>
    <property name="java.library.path" value="/Users/jorm/Library/Java/Extensions:/Library/Java/Extensions:/Network/Library/Java/Extensions:/System/Library/Java/Extensions:/usr/lib/java:."/>
    <property name="java.vm.info" value="mixed mode, sharing"/>
    <property name="stderr.encoding" value="UTF-8"/>
    <property name="java.vendor" value="Homebrew"/>
    <property name="java.vm.version" value="25"/>
    <property name="stdin.encoding" value="UTF-8"/>
    <property name="sun.io.unicode.encoding" value="UnicodeBig"/>
    <property name="socksNonProxyHosts" value="local|*.local|169.254/16|*.169.254/16"/>
    <property name="java.class.version" value="69.0"/>
  </properties>
  <testcase name="testCalculateFileModificationCount" classname="test.AppTest" time="0.024"/>
  <testcase name="testCalculateTotalForks" classname="test.AppTest" time="0.0"/>
  <testcase name="testCalculateTotalStars" classname="test.AppTest" time="0.0"/>
  <testcase name="testCountNewCommitsInForks" classname="test.AppTest" time="0.0"/>
  <testcase name="testGetTop3ModifiedFiles" classname="test.AppTest" time="0.0"/>
  <testcase name="testCalculateOpenIssues" classname="test.AppTest" time="0.0"/>
  <testcase name="testIsRepoContainingSourceCode" classname="test.AppTest" time="0.0"/>
</testsuite>